<?xml version="1.0" encoding="UTF-8"?>
<!-- Generated by org.testng.reporters.JUnitReportReporter -->
<testsuite hostname="LAPTOP-B95337TM" failures="0" tests="1" name="Programmes.ScrollBar_Element" time="3.060" errors="0" timestamp="2023-08-01T19:24:46 IST" skipped="0">
  <testcase classname="Programmes.ScrollBar_Element" name="Scrollflow" time="3.060"/>
</testsuite> <!-- Programmes.ScrollBar_Element -->
