<?xml version="1.0" encoding="UTF-8"?>
<!-- Generated by org.testng.reporters.JUnitReportReporter -->
<testsuite hostname="LAPTOP-B95337TM" failures="0" tests="1" name="Programmes.BooleanOneway" time="5.379" errors="0" timestamp="2023-08-01T20:27:47 IST" skipped="0">
  <testcase classname="Programmes.BooleanOneway" name="options" time="5.379"/>
</testsuite> <!-- Programmes.BooleanOneway -->
