<?xml version="1.0" encoding="UTF-8"?>
<!-- Generated by org.testng.reporters.JUnitReportReporter -->
<testsuite hostname="LAPTOP-B95337TM" failures="0" tests="1" name="Programmes.Assert" time="0.252" errors="0" timestamp="2023-08-02T17:54:53 IST" skipped="0">
  <testcase classname="Programmes.Assert" name="fun" time="0.252"/>
</testsuite> <!-- Programmes.Assert -->
