<?xml version="1.0" encoding="UTF-8"?>
<!-- Generated by org.testng.reporters.JUnitReportReporter -->
<testsuite hostname="LAPTOP-B95337TM" failures="0" tests="1" name="Programmes.PopupWindows" time="36.879" errors="0" timestamp="2023-08-01T19:57:13 IST" skipped="0">
  <testcase classname="Programmes.PopupWindows" name="windowpopup" time="36.879"/>
</testsuite> <!-- Programmes.PopupWindows -->
